<?xml version="1.0" encoding="UTF-8"?>
<testsuite name="TestSuite" time="490.315" tests="26" errors="0" skipped="0" failures="0">
  <properties>
    <property name="java.runtime.name" value="Java(TM) SE Runtime Environment"/>
    <property name="sun.boot.library.path" value="C:\Program Files\Java\jdk1.8.0_60\jre\bin"/>
    <property name="java.vm.version" value="25.60-b23"/>
    <property name="java.vm.vendor" value="Oracle Corporation"/>
    <property name="maven.multiModuleProjectDirectory" value="F:\The Collective Automation Suite\the-collective-smoke-suite"/>
    <property name="java.vendor.url" value="http://java.oracle.com/"/>
    <property name="path.separator" value=";"/>
    <property name="guice.disable.misplaced.annotation.check" value="true"/>
    <property name="java.vm.name" value="Java HotSpot(TM) 64-Bit Server VM"/>
    <property name="file.encoding.pkg" value="sun.io"/>
    <property name="user.script" value=""/>
    <property name="user.country" value="US"/>
    <property name="sun.java.launcher" value="SUN_STANDARD"/>
    <property name="sun.os.patch.level" value=""/>
    <property name="java.vm.specification.name" value="Java Virtual Machine Specification"/>
    <property name="user.dir" value="F:\The Collective Automation Suite\the-collective-smoke-suite"/>
    <property name="java.runtime.version" value="1.8.0_60-b27"/>
    <property name="java.awt.graphicsenv" value="sun.awt.Win32GraphicsEnvironment"/>
    <property name="java.endorsed.dirs" value="C:\Program Files\Java\jdk1.8.0_60\jre\lib\endorsed"/>
    <property name="os.arch" value="amd64"/>
    <property name="java.io.tmpdir" value="C:\Users\codeb\AppData\Local\Temp\"/>
    <property name="line.separator" value="&#10;"/>
    <property name="java.vm.specification.vendor" value="Oracle Corporation"/>
    <property name="user.variant" value=""/>
    <property name="os.name" value="Windows 8.1"/>
    <property name="classworlds.conf" value="C:\apache-maven-3.3.3\bin\m2.conf"/>
    <property name="sun.jnu.encoding" value="Cp1252"/>
    <property name="java.library.path" value="C:\Program Files\Java\jdk1.8.0_60\bin;C:\Windows\Sun\Java\bin;C:\Windows\system32;C:\Windows;C:\ProgramData\Oracle\Java\javapath;C:\Program Files (x86)\Intel\iCLS Client\;C:\Program Files\Intel\iCLS Client\;C:\Windows\system32;C:\Windows;C:\Windows\System32\Wbem;C:\Windows\System32\WindowsPowerShell\v1.0\;C:\Program Files\Intel\Intel(R) Management Engine Components\DAL;C:\Program Files\Intel\Intel(R) Management Engine Components\IPT;C:\Program Files (x86)\Intel\Intel(R) Management Engine Components\DAL;C:\Program Files (x86)\Intel\Intel(R) Management Engine Components\IPT;C:\Program Files (x86)\Skype\Phone\;C:\Program Files\Java\jdk1.8.0_60\bin;C:\apache-maven-3.3.3\bin;C:\Users\codeb\AppData\Local\Android\sdk\platform-tools;C:\Users\codeb\AppData\Local\Android\sdk\tools;."/>
    <property name="java.specification.name" value="Java Platform API Specification"/>
    <property name="java.class.version" value="52.0"/>
    <property name="sun.management.compiler" value="HotSpot 64-Bit Tiered Compilers"/>
    <property name="os.version" value="6.3"/>
    <property name="user.home" value="C:\Users\codeb"/>
    <property name="user.timezone" value="Asia/Calcutta"/>
    <property name="java.awt.printerjob" value="sun.awt.windows.WPrinterJob"/>
    <property name="java.specification.version" value="1.8"/>
    <property name="file.encoding" value="Cp1252"/>
    <property name="user.name" value="codeb"/>
    <property name="java.class.path" value="C:\apache-maven-3.3.3\boot\plexus-classworlds-2.5.2.jar"/>
    <property name="java.vm.specification.version" value="1.8"/>
    <property name="sun.arch.data.model" value="64"/>
    <property name="java.home" value="C:\Program Files\Java\jdk1.8.0_60\jre"/>
    <property name="sun.java.command" value="org.codehaus.plexus.classworlds.launcher.Launcher test"/>
    <property name="java.specification.vendor" value="Oracle Corporation"/>
    <property name="user.language" value="en"/>
    <property name="awt.toolkit" value="sun.awt.windows.WToolkit"/>
    <property name="java.vm.info" value="mixed mode"/>
    <property name="java.version" value="1.8.0_60"/>
    <property name="java.ext.dirs" value="C:\Program Files\Java\jdk1.8.0_60\jre\lib\ext;C:\Windows\Sun\Java\lib\ext"/>
    <property name="sun.boot.class.path" value="C:\Program Files\Java\jdk1.8.0_60\jre\lib\resources.jar;C:\Program Files\Java\jdk1.8.0_60\jre\lib\rt.jar;C:\Program Files\Java\jdk1.8.0_60\jre\lib\sunrsasign.jar;C:\Program Files\Java\jdk1.8.0_60\jre\lib\jsse.jar;C:\Program Files\Java\jdk1.8.0_60\jre\lib\jce.jar;C:\Program Files\Java\jdk1.8.0_60\jre\lib\charsets.jar;C:\Program Files\Java\jdk1.8.0_60\jre\lib\jfr.jar;C:\Program Files\Java\jdk1.8.0_60\jre\classes"/>
    <property name="sun.stderr.encoding" value="cp437"/>
    <property name="java.vendor" value="Oracle Corporation"/>
    <property name="maven.home" value="C:\apache-maven-3.3.3"/>
    <property name="file.separator" value="\"/>
    <property name="java.vendor.url.bug" value="http://bugreport.sun.com/bugreport/"/>
    <property name="sun.cpu.endian" value="little"/>
    <property name="sun.io.unicode.encoding" value="UnicodeLittle"/>
    <property name="sun.stdout.encoding" value="cp437"/>
    <property name="sun.desktop" value="windows"/>
    <property name="sun.cpu.isalist" value="amd64"/>
  </properties>
  <testcase name="tc012_collective_adminLogin" classname="org.collective.testmethods.CollectiveSanityTestAdmin" time="5.291"/>
  <testcase name="tc013_collective_admin_reports_OrderTotalsSheet" classname="org.collective.testmethods.CollectiveSanityTestAdmin" time="9.085"/>
  <testcase name="tc014_evaluateAdminTabs_Returns" classname="org.collective.testmethods.CollectiveSanityTestAdmin" time="6.179"/>
  <testcase name="tc015_evaluateAdminTabs_Carousel" classname="org.collective.testmethods.CollectiveSanityTestAdmin" time="5.669"/>
  <testcase name="tc016_evaluateAdminTabs_Orders" classname="org.collective.testmethods.CollectiveSanityTestAdmin" time="6.202"/>
  <testcase name="tc017_evaluateAdminTabs_Products" classname="org.collective.testmethods.CollectiveSanityTestAdmin" time="5.838"/>
  <testcase name="tc018_evaluateAdminTabs_Settings" classname="org.collective.testmethods.CollectiveSanityTestAdmin" time="5.708"/>
  <testcase name="tc019_evaluateAdminTabs_Promotions" classname="org.collective.testmethods.CollectiveSanityTestAdmin" time="5.417"/>
  <testcase name="tc020_evaluateAdminTabs_Users" classname="org.collective.testmethods.CollectiveSanityTestAdmin" time="5.472"/>
  <testcase name="tc021_evaluateAdminTabs_Blog" classname="org.collective.testmethods.CollectiveSanityTestAdmin" time="5.051"/>
  <testcase name="tc022_evaluateAdminTabs_Store" classname="org.collective.testmethods.CollectiveSanityTestAdmin" time="5.38"/>
  <testcase name="tc023_evaluateAdminTabs_AnalyticScript" classname="org.collective.testmethods.CollectiveSanityTestAdmin" time="5.071"/>
  <testcase name="tc024_Reports_UserList" classname="org.collective.testmethods.CollectiveSanityTestAdmin" time="9.031"/>
  <testcase name="tc025_Reports_returnList" classname="org.collective.testmethods.CollectiveSanityTestAdmin" time="13.351"/>
  <testcase name="tc001_collective_signup" classname="org.collective.testmethods.CollectiveSanityTestCustomer" time="4.661"/>
  <testcase name="tc002_collective_login" classname="org.collective.testmethods.CollectiveSanityTestCustomer" time="3.232"/>
  <testcase name="tc003_collective_blog" classname="org.collective.testmethods.CollectiveSanityTestCustomer" time="3.328"/>
  <testcase name="tc004_collective_accessories" classname="org.collective.testmethods.CollectiveSanityTestCustomer" time="2.271"/>
  <testcase name="tc005_collective_accessories_Filter_Brand" classname="org.collective.testmethods.CollectiveSanityTestCustomer" time="2.676"/>
  <testcase name="tc006_collective_pagination" classname="org.collective.testmethods.CollectiveSanityTestCustomer" time="4.385"/>
  <testcase name="tc007_collective_sales" classname="org.collective.testmethods.CollectiveSanityTestCustomer" time="2.553"/>
  <testcase name="tc008_collective_orderGreaterThan20000" classname="org.collective.testmethods.CollectiveSanityTestCustomer" time="44.972"/>
  <testcase name="tc009_collective_orderLessOrEqualThan20000" classname="org.collective.testmethods.CollectiveSanityTestCustomer" time="18.281"/>
  <testcase name="tc010_collective_orderPlacement" classname="org.collective.testmethods.CollectiveSanityTestCustomer" time="17.674"/>
  <testcase name="tc011_collective_placeorder_OrderCancellation" classname="org.collective.testmethods.CollectiveSanityTestCustomer" time="21.217"/>
  <testcase name="tc023_PageURLsStaging" classname="org.collective.testmethods.CollectiveSanityTestURL" time="272.32"/>
</testsuite>