<?xml version="1.0" encoding="UTF-8"?>
<testsuite name="TestSuite" time="66.754" tests="111" errors="0" skipped="76" failures="2">
  <properties>
    <property name="java.runtime.name" value="Java(TM) SE Runtime Environment"/>
    <property name="sun.boot.library.path" value="C:\Program Files\Java\jdk1.8.0_60\jre\bin"/>
    <property name="java.vm.version" value="25.60-b23"/>
    <property name="java.vm.vendor" value="Oracle Corporation"/>
    <property name="maven.multiModuleProjectDirectory" value="F:\Collective"/>
    <property name="java.vendor.url" value="http://java.oracle.com/"/>
    <property name="path.separator" value=";"/>
    <property name="guice.disable.misplaced.annotation.check" value="true"/>
    <property name="java.vm.name" value="Java HotSpot(TM) 64-Bit Server VM"/>
    <property name="file.encoding.pkg" value="sun.io"/>
    <property name="user.script" value=""/>
    <property name="user.country" value="US"/>
    <property name="sun.java.launcher" value="SUN_STANDARD"/>
    <property name="sun.os.patch.level" value=""/>
    <property name="java.vm.specification.name" value="Java Virtual Machine Specification"/>
    <property name="user.dir" value="F:\Collective"/>
    <property name="java.runtime.version" value="1.8.0_60-b27"/>
    <property name="java.awt.graphicsenv" value="sun.awt.Win32GraphicsEnvironment"/>
    <property name="java.endorsed.dirs" value="C:\Program Files\Java\jdk1.8.0_60\jre\lib\endorsed"/>
    <property name="os.arch" value="amd64"/>
    <property name="java.io.tmpdir" value="C:\Users\codeb\AppData\Local\Temp\"/>
    <property name="line.separator" value="&#10;"/>
    <property name="java.vm.specification.vendor" value="Oracle Corporation"/>
    <property name="user.variant" value=""/>
    <property name="os.name" value="Windows 8.1"/>
    <property name="classworlds.conf" value="C:\apache-maven-3.3.3\bin\m2.conf"/>
    <property name="sun.jnu.encoding" value="Cp1252"/>
    <property name="java.library.path" value="C:\Program Files\Java\jdk1.8.0_60\bin;C:\Windows\Sun\Java\bin;C:\Windows\system32;C:\Windows;C:\ProgramData\Oracle\Java\javapath;C:\Program Files (x86)\Intel\iCLS Client\;C:\Program Files\Intel\iCLS Client\;C:\Windows\system32;C:\Windows;C:\Windows\System32\Wbem;C:\Windows\System32\WindowsPowerShell\v1.0\;C:\Program Files\Intel\Intel(R) Management Engine Components\DAL;C:\Program Files\Intel\Intel(R) Management Engine Components\IPT;C:\Program Files (x86)\Intel\Intel(R) Management Engine Components\DAL;C:\Program Files (x86)\Intel\Intel(R) Management Engine Components\IPT;C:\Program Files (x86)\Skype\Phone\;C:\Program Files\Java\jdk1.8.0_60\bin;C:\apache-maven-3.3.3\bin;C:\Users\codeb\AppData\Local\Android\sdk\platform-tools;C:\Users\codeb\AppData\Local\Android\sdk\tools;."/>
    <property name="java.specification.name" value="Java Platform API Specification"/>
    <property name="java.class.version" value="52.0"/>
    <property name="sun.management.compiler" value="HotSpot 64-Bit Tiered Compilers"/>
    <property name="os.version" value="6.3"/>
    <property name="user.home" value="C:\Users\codeb"/>
    <property name="user.timezone" value="Asia/Calcutta"/>
    <property name="java.awt.printerjob" value="sun.awt.windows.WPrinterJob"/>
    <property name="java.specification.version" value="1.8"/>
    <property name="file.encoding" value="Cp1252"/>
    <property name="user.name" value="codeb"/>
    <property name="java.class.path" value="C:\apache-maven-3.3.3\boot\plexus-classworlds-2.5.2.jar"/>
    <property name="java.vm.specification.version" value="1.8"/>
    <property name="sun.arch.data.model" value="64"/>
    <property name="java.home" value="C:\Program Files\Java\jdk1.8.0_60\jre"/>
    <property name="sun.java.command" value="org.codehaus.plexus.classworlds.launcher.Launcher test"/>
    <property name="java.specification.vendor" value="Oracle Corporation"/>
    <property name="user.language" value="en"/>
    <property name="awt.toolkit" value="sun.awt.windows.WToolkit"/>
    <property name="java.vm.info" value="mixed mode"/>
    <property name="java.version" value="1.8.0_60"/>
    <property name="java.ext.dirs" value="C:\Program Files\Java\jdk1.8.0_60\jre\lib\ext;C:\Windows\Sun\Java\lib\ext"/>
    <property name="sun.boot.class.path" value="C:\Program Files\Java\jdk1.8.0_60\jre\lib\resources.jar;C:\Program Files\Java\jdk1.8.0_60\jre\lib\rt.jar;C:\Program Files\Java\jdk1.8.0_60\jre\lib\sunrsasign.jar;C:\Program Files\Java\jdk1.8.0_60\jre\lib\jsse.jar;C:\Program Files\Java\jdk1.8.0_60\jre\lib\jce.jar;C:\Program Files\Java\jdk1.8.0_60\jre\lib\charsets.jar;C:\Program Files\Java\jdk1.8.0_60\jre\lib\jfr.jar;C:\Program Files\Java\jdk1.8.0_60\jre\classes"/>
    <property name="sun.stderr.encoding" value="cp437"/>
    <property name="java.vendor" value="Oracle Corporation"/>
    <property name="maven.home" value="C:\apache-maven-3.3.3"/>
    <property name="file.separator" value="\"/>
    <property name="java.vendor.url.bug" value="http://bugreport.sun.com/bugreport/"/>
    <property name="sun.cpu.endian" value="little"/>
    <property name="sun.io.unicode.encoding" value="UnicodeLittle"/>
    <property name="sun.stdout.encoding" value="cp437"/>
    <property name="sun.desktop" value="windows"/>
    <property name="sun.cpu.isalist" value="amd64"/>
  </properties>
  <testcase name="testGetRequest_Men_Clothing_5_Pkt_Denim_Jeans" classname="org.collective.testmethods.CollectiveSanityTestURL" time="2.936"/>
  <testcase name="testGetRequest_Men_Clothing_5_Pkt_Non_Denim_Jean" classname="org.collective.testmethods.CollectiveSanityTestURL" time="1.264"/>
  <testcase name="testGetRequest_Men_Clothing_CasualBlazer" classname="org.collective.testmethods.CollectiveSanityTestURL" time="0.649"/>
  <testcase name="testGetRequest_Men_Clothing_CasualOutwear" classname="org.collective.testmethods.CollectiveSanityTestURL" time="0.687"/>
  <testcase name="testGetRequest_Men_Clothing_CasualTrouser" classname="org.collective.testmethods.CollectiveSanityTestURL" time="0.93"/>
  <testcase name="testGetRequest_Men_Clothing_Casual_Jacket" classname="org.collective.testmethods.CollectiveSanityTestURL" time="0.514"/>
  <testcase name="testGetRequest_Men_Clothing_Casual_Shirt" classname="org.collective.testmethods.CollectiveSanityTestURL" time="0.748"/>
  <testcase name="testGetRequest_Men_Clothing_Dress_Shirts" classname="org.collective.testmethods.CollectiveSanityTestURL" time="0.963"/>
  <testcase name="testGetRequest_Men_Clothing_FormalJacket" classname="org.collective.testmethods.CollectiveSanityTestURL" time="0.619"/>
  <testcase name="testGetRequest_Men_Clothing_Formal_Trousers" classname="org.collective.testmethods.CollectiveSanityTestURL" time="0.753"/>
  <testcase name="testGetRequest_Men_Clothing_Knitwear" classname="org.collective.testmethods.CollectiveSanityTestURL" time="0.687"/>
  <testcase name="testGetRequest_Men_Clothing_Pocket_Squares" classname="org.collective.testmethods.CollectiveSanityTestURL" time="0.707"/>
  <testcase name="testGetRequest_Men_Clothing_Polo" classname="org.collective.testmethods.CollectiveSanityTestURL" time="0.784"/>
  <testcase name="testGetRequest_Men_Clothing_Rugby" classname="org.collective.testmethods.CollectiveSanityTestURL" time="0.805"/>
  <testcase name="testGetRequest_Men_Clothing_Scarves" classname="org.collective.testmethods.CollectiveSanityTestURL" time="0.485"/>
  <testcase name="testGetRequest_Men_Clothing_Semi_Formal_Jacket" classname="org.collective.testmethods.CollectiveSanityTestURL" time="0.331"/>
  <testcase name="testGetRequest_Men_Clothing_Shorts" classname="org.collective.testmethods.CollectiveSanityTestURL" time="0.681"/>
  <testcase name="testGetRequest_Men_Clothing_Suits" classname="org.collective.testmethods.CollectiveSanityTestURL" time="0.992"/>
  <testcase name="testGetRequest_Men_Clothing_Sweater" classname="org.collective.testmethods.CollectiveSanityTestURL" time="0.262"/>
  <testcase name="testGetRequest_Men_Clothing_Sweatshirt" classname="org.collective.testmethods.CollectiveSanityTestURL" time="0.662"/>
  <testcase name="testGetRequest_Men_Clothing_Swimshorts" classname="org.collective.testmethods.CollectiveSanityTestURL" time="0.373"/>
  <testcase name="testGetRequest_Men_Clothing_Ties" classname="org.collective.testmethods.CollectiveSanityTestURL" time="0.901"/>
  <testcase name="testGetRequest_Men_Clothing_Trackpant" classname="org.collective.testmethods.CollectiveSanityTestURL" time="0.705"/>
  <testcase name="testGetRequest_Men_Clothing_Tracktop" classname="org.collective.testmethods.CollectiveSanityTestURL" time="0.211"/>
  <testcase name="testGetRequest_Men_Clothing_Tshirt" classname="org.collective.testmethods.CollectiveSanityTestURL" time="0.73"/>
  <testcase name="testGetRequest_Men_Clothing_Waistcoat" classname="org.collective.testmethods.CollectiveSanityTestURL" time="0.241"/>
  <testcase name="tc001_collective_signup" classname="org.collective.testmethods.CollectiveSanityTestCustomer" time="4.626"/>
  <testcase name="tc002_collective_login" classname="org.collective.testmethods.CollectiveSanityTestCustomer" time="2.811"/>
  <testcase name="tc003_collective_blog" classname="org.collective.testmethods.CollectiveSanityTestCustomer" time="10.788"/>
  <testcase name="tc004_collective_accessories" classname="org.collective.testmethods.CollectiveSanityTestCustomer" time="2.209"/>
  <testcase name="tc005_collective_accessories_Filter_Brand" classname="org.collective.testmethods.CollectiveSanityTestCustomer" time="1.946"/>
  <testcase name="tc006_collective_accessories_pagination" classname="org.collective.testmethods.CollectiveSanityTestCustomer" time="1.948"/>
  <testcase name="tc007_collective_sales" classname="org.collective.testmethods.CollectiveSanityTestCustomer" time="2.436"/>
  <testcase name="tc008_collective_orderGreaterThan20000" classname="org.collective.testmethods.CollectiveSanityTestCustomer" time="0.149">
    <failure message="org/collective/customer/pageobjects/CollectiveAdrianoGoldschmiedPageObjects" type="java.lang.NoClassDefFoundError">java.lang.NoClassDefFoundError: org/collective/customer/pageobjects/CollectiveAdrianoGoldschmiedPageObjects
	at java.net.URLClassLoader.findClass(URLClassLoader.java:381)
	at java.lang.ClassLoader.loadClass(ClassLoader.java:424)
	at sun.misc.Launcher$AppClassLoader.loadClass(Launcher.java:331)
	at java.lang.ClassLoader.loadClass(ClassLoader.java:357)
	at org.collective.testmethods.CollectiveSanityTestCustomer.tc008_collective_orderGreaterThan20000(CollectiveSanityTestCustomer.java:106)
</failure>
  </testcase>
  <testcase name="takeScreenshot" classname="org.collective.testmethods.CollectiveSanityTestCustomer" time="20.221">
    <failure message="org/collective/utils/Screenshot" type="java.lang.NoClassDefFoundError">java.lang.NoClassDefFoundError: org/collective/utils/Screenshot
	at org.collective.maincontroller.MainController.takeScreenshot(MainController.java:127)
	at sun.reflect.NativeMethodAccessorImpl.invoke0(Native Method)
	at sun.reflect.NativeMethodAccessorImpl.invoke(NativeMethodAccessorImpl.java:62)
	at sun.reflect.DelegatingMethodAccessorImpl.invoke(DelegatingMethodAccessorImpl.java:43)
	at java.lang.reflect.Method.invoke(Method.java:497)
	at org.testng.internal.MethodInvocationHelper.invokeMethod(MethodInvocationHelper.java:85)
	at org.testng.internal.Invoker.invokeConfigurationMethod(Invoker.java:510)
	at org.testng.internal.Invoker.invokeConfigurations(Invoker.java:211)
	at org.testng.internal.Invoker.invokeMethod(Invoker.java:708)
	at org.testng.internal.Invoker.invokeTestMethod(Invoker.java:821)
	at org.testng.internal.Invoker.invokeTestMethods(Invoker.java:1131)
	at org.testng.internal.TestMethodWorker.invokeTestMethods(TestMethodWorker.java:124)
	at org.testng.internal.TestMethodWorker.run(TestMethodWorker.java:108)
	at org.testng.TestRunner.privateRun(TestRunner.java:773)
	at org.testng.TestRunner.run(TestRunner.java:623)
	at org.testng.SuiteRunner.runTest(SuiteRunner.java:357)
	at org.testng.SuiteRunner.runSequentially(SuiteRunner.java:352)
	at org.testng.SuiteRunner.privateRun(SuiteRunner.java:310)
	at org.testng.SuiteRunner.run(SuiteRunner.java:259)
	at org.testng.SuiteRunnerWorker.runSuite(SuiteRunnerWorker.java:52)
	at org.testng.SuiteRunnerWorker.run(SuiteRunnerWorker.java:86)
	at org.testng.TestNG.runSuitesSequentially(TestNG.java:1185)
	at org.testng.TestNG.runSuitesLocally(TestNG.java:1110)
	at org.testng.TestNG.run(TestNG.java:1018)
	at org.apache.maven.surefire.testng.TestNGExecutor.run(TestNGExecutor.java:295)
	at org.apache.maven.surefire.testng.TestNGXmlTestSuite.execute(TestNGXmlTestSuite.java:84)
	at org.apache.maven.surefire.testng.TestNGProvider.invoke(TestNGProvider.java:90)
	at org.apache.maven.surefire.booter.ForkedBooter.invokeProviderInSameClassLoader(ForkedBooter.java:203)
	at org.apache.maven.surefire.booter.ForkedBooter.runSuitesInProcess(ForkedBooter.java:155)
	at org.apache.maven.surefire.booter.ForkedBooter.main(ForkedBooter.java:103)
Caused by: java.lang.ClassNotFoundException: org.collective.utils.Screenshot
	at java.net.URLClassLoader.findClass(URLClassLoader.java:381)
	at java.lang.ClassLoader.loadClass(ClassLoader.java:424)
	at sun.misc.Launcher$AppClassLoader.loadClass(Launcher.java:331)
	at java.lang.ClassLoader.loadClass(ClassLoader.java:357)
	at org.collective.maincontroller.MainController.takeScreenshot(MainController.java:127)
	at sun.reflect.NativeMethodAccessorImpl.invoke0(Native Method)
	at sun.reflect.NativeMethodAccessorImpl.invoke(NativeMethodAccessorImpl.java:62)
	at sun.reflect.DelegatingMethodAccessorImpl.invoke(DelegatingMethodAccessorImpl.java:43)
	at java.lang.reflect.Method.invoke(Method.java:497)
	at org.testng.internal.MethodInvocationHelper.invokeMethod(MethodInvocationHelper.java:85)
	at org.testng.internal.Invoker.invokeConfigurationMethod(Invoker.java:510)
	at org.testng.internal.Invoker.invokeConfigurations(Invoker.java:211)
	at org.testng.internal.Invoker.invokeMethod(Invoker.java:708)
	at org.testng.internal.Invoker.invokeTestMethod(Invoker.java:821)
	at org.testng.internal.Invoker.invokeTestMethods(Invoker.java:1131)
	at org.testng.internal.TestMethodWorker.invokeTestMethods(TestMethodWorker.java:124)
	at org.testng.internal.TestMethodWorker.run(TestMethodWorker.java:108)
	at org.testng.TestRunner.privateRun(TestRunner.java:773)
	at org.testng.TestRunner.run(TestRunner.java:623)
	at org.testng.SuiteRunner.runTest(SuiteRunner.java:357)
	at org.testng.SuiteRunner.runSequentially(SuiteRunner.java:352)
	at org.testng.SuiteRunner.privateRun(SuiteRunner.java:310)
	at org.testng.SuiteRunner.run(SuiteRunner.java:259)
	at org.testng.SuiteRunnerWorker.runSuite(SuiteRunnerWorker.java:52)
	at org.testng.SuiteRunnerWorker.run(SuiteRunnerWorker.java:86)
	at org.testng.TestNG.runSuitesSequentially(TestNG.java:1185)
	at org.testng.TestNG.runSuitesLocally(TestNG.java:1110)
	at org.testng.TestNG.run(TestNG.java:1018)
	at org.apache.maven.surefire.testng.TestNGExecutor.run(TestNGExecutor.java:295)
	at org.apache.maven.surefire.testng.TestNGXmlTestSuite.execute(TestNGXmlTestSuite.java:84)
	at org.apache.maven.surefire.testng.TestNGProvider.invoke(TestNGProvider.java:90)
	at org.apache.maven.surefire.booter.ForkedBooter.invokeProviderInSameClassLoader(ForkedBooter.java:203)
	at org.apache.maven.surefire.booter.ForkedBooter.runSuitesInProcess(ForkedBooter.java:155)
	at org.apache.maven.surefire.booter.ForkedBooter.main(ForkedBooter.java:103)
</failure>
  </testcase>
  <testcase name="takeScreenshot" classname="org.collective.testmethods.CollectiveSanityTestCustomer" time="0">
    <skipped/>
  </testcase>
  <testcase name="takeScreenshot" classname="org.collective.testmethods.CollectiveSanityTestCustomer" time="0">
    <skipped/>
  </testcase>
  <testcase name="takeScreenshot" classname="org.collective.testmethods.CollectiveSanityTestCustomer" time="0">
    <skipped/>
  </testcase>
  <testcase name="checkForLogin" classname="org.collective.testmethods.CollectiveSanityTestCustomer" time="0">
    <skipped/>
  </testcase>
  <testcase name="checkForLogin" classname="org.collective.testmethods.CollectiveSanityTestCustomer" time="0">
    <skipped/>
  </testcase>
  <testcase name="checkForLogin" classname="org.collective.testmethods.CollectiveSanityTestCustomer" time="0">
    <skipped/>
  </testcase>
  <testcase name="setUp" classname="org.collective.testmethods.CollectiveSanityTestCustomer" time="0">
    <skipped/>
  </testcase>
  <testcase name="setUp" classname="org.collective.testmethods.CollectiveSanityTestCustomer" time="0">
    <skipped/>
  </testcase>
  <testcase name="setUp" classname="org.collective.testmethods.CollectiveSanityTestCustomer" time="0">
    <skipped/>
  </testcase>
  <testcase name="tc009_collective_orderLessOrEqualThan20000" classname="org.collective.testmethods.CollectiveSanityTestCustomer" time="0">
    <skipped/>
  </testcase>
  <testcase name="checkForAdminLogout" classname="org.collective.testmethods.CollectiveSanityTestCustomer" time="0">
    <skipped/>
  </testcase>
  <testcase name="checkForAdminLogout" classname="org.collective.testmethods.CollectiveSanityTestCustomer" time="0">
    <skipped/>
  </testcase>
  <testcase name="checkForAdminLogout" classname="org.collective.testmethods.CollectiveSanityTestCustomer" time="0">
    <skipped/>
  </testcase>
  <testcase name="tc010_collective_orderPlacement" classname="org.collective.testmethods.CollectiveSanityTestCustomer" time="0">
    <skipped/>
  </testcase>
  <testcase name="tc011_collective_womenTab" classname="org.collective.testmethods.CollectiveSanityTestCustomer" time="0">
    <skipped/>
  </testcase>
  <testcase name="checkForLogin" classname="org.collective.testmethods.CollectiveSanityTestAdmin" time="0">
    <skipped/>
  </testcase>
  <testcase name="checkForLogin" classname="org.collective.testmethods.CollectiveSanityTestAdmin" time="0">
    <skipped/>
  </testcase>
  <testcase name="checkForLogin" classname="org.collective.testmethods.CollectiveSanityTestAdmin" time="0">
    <skipped/>
  </testcase>
  <testcase name="checkForLogin" classname="org.collective.testmethods.CollectiveSanityTestAdmin" time="0">
    <skipped/>
  </testcase>
  <testcase name="checkForLogin" classname="org.collective.testmethods.CollectiveSanityTestAdmin" time="0">
    <skipped/>
  </testcase>
  <testcase name="checkForLogin" classname="org.collective.testmethods.CollectiveSanityTestAdmin" time="0">
    <skipped/>
  </testcase>
  <testcase name="checkForLogin" classname="org.collective.testmethods.CollectiveSanityTestAdmin" time="0">
    <skipped/>
  </testcase>
  <testcase name="checkForLogin" classname="org.collective.testmethods.CollectiveSanityTestAdmin" time="0">
    <skipped/>
  </testcase>
  <testcase name="checkForLogin" classname="org.collective.testmethods.CollectiveSanityTestAdmin" time="0">
    <skipped/>
  </testcase>
  <testcase name="checkForLogin" classname="org.collective.testmethods.CollectiveSanityTestAdmin" time="0">
    <skipped/>
  </testcase>
  <testcase name="checkForLogin" classname="org.collective.testmethods.CollectiveSanityTestAdmin" time="0">
    <skipped/>
  </testcase>
  <testcase name="checkForLogin" classname="org.collective.testmethods.CollectiveSanityTestAdmin" time="0">
    <skipped/>
  </testcase>
  <testcase name="setUp" classname="org.collective.testmethods.CollectiveSanityTestAdmin" time="0">
    <skipped/>
  </testcase>
  <testcase name="setUp" classname="org.collective.testmethods.CollectiveSanityTestAdmin" time="0">
    <skipped/>
  </testcase>
  <testcase name="setUp" classname="org.collective.testmethods.CollectiveSanityTestAdmin" time="0">
    <skipped/>
  </testcase>
  <testcase name="setUp" classname="org.collective.testmethods.CollectiveSanityTestAdmin" time="0">
    <skipped/>
  </testcase>
  <testcase name="setUp" classname="org.collective.testmethods.CollectiveSanityTestAdmin" time="0">
    <skipped/>
  </testcase>
  <testcase name="setUp" classname="org.collective.testmethods.CollectiveSanityTestAdmin" time="0">
    <skipped/>
  </testcase>
  <testcase name="setUp" classname="org.collective.testmethods.CollectiveSanityTestAdmin" time="0">
    <skipped/>
  </testcase>
  <testcase name="setUp" classname="org.collective.testmethods.CollectiveSanityTestAdmin" time="0">
    <skipped/>
  </testcase>
  <testcase name="setUp" classname="org.collective.testmethods.CollectiveSanityTestAdmin" time="0">
    <skipped/>
  </testcase>
  <testcase name="setUp" classname="org.collective.testmethods.CollectiveSanityTestAdmin" time="0">
    <skipped/>
  </testcase>
  <testcase name="setUp" classname="org.collective.testmethods.CollectiveSanityTestAdmin" time="0">
    <skipped/>
  </testcase>
  <testcase name="setUp" classname="org.collective.testmethods.CollectiveSanityTestAdmin" time="0">
    <skipped/>
  </testcase>
  <testcase name="tc012_collective_adminLogin" classname="org.collective.testmethods.CollectiveSanityTestAdmin" time="0">
    <skipped/>
  </testcase>
  <testcase name="checkForAdminLogout" classname="org.collective.testmethods.CollectiveSanityTestAdmin" time="0">
    <skipped/>
  </testcase>
  <testcase name="checkForAdminLogout" classname="org.collective.testmethods.CollectiveSanityTestAdmin" time="0">
    <skipped/>
  </testcase>
  <testcase name="checkForAdminLogout" classname="org.collective.testmethods.CollectiveSanityTestAdmin" time="0">
    <skipped/>
  </testcase>
  <testcase name="checkForAdminLogout" classname="org.collective.testmethods.CollectiveSanityTestAdmin" time="0">
    <skipped/>
  </testcase>
  <testcase name="checkForAdminLogout" classname="org.collective.testmethods.CollectiveSanityTestAdmin" time="0">
    <skipped/>
  </testcase>
  <testcase name="checkForAdminLogout" classname="org.collective.testmethods.CollectiveSanityTestAdmin" time="0">
    <skipped/>
  </testcase>
  <testcase name="checkForAdminLogout" classname="org.collective.testmethods.CollectiveSanityTestAdmin" time="0">
    <skipped/>
  </testcase>
  <testcase name="checkForAdminLogout" classname="org.collective.testmethods.CollectiveSanityTestAdmin" time="0">
    <skipped/>
  </testcase>
  <testcase name="checkForAdminLogout" classname="org.collective.testmethods.CollectiveSanityTestAdmin" time="0">
    <skipped/>
  </testcase>
  <testcase name="checkForAdminLogout" classname="org.collective.testmethods.CollectiveSanityTestAdmin" time="0">
    <skipped/>
  </testcase>
  <testcase name="checkForAdminLogout" classname="org.collective.testmethods.CollectiveSanityTestAdmin" time="0">
    <skipped/>
  </testcase>
  <testcase name="checkForAdminLogout" classname="org.collective.testmethods.CollectiveSanityTestAdmin" time="0">
    <skipped/>
  </testcase>
  <testcase name="takeScreenshot" classname="org.collective.testmethods.CollectiveSanityTestAdmin" time="0">
    <skipped/>
  </testcase>
  <testcase name="takeScreenshot" classname="org.collective.testmethods.CollectiveSanityTestAdmin" time="0">
    <skipped/>
  </testcase>
  <testcase name="takeScreenshot" classname="org.collective.testmethods.CollectiveSanityTestAdmin" time="0">
    <skipped/>
  </testcase>
  <testcase name="takeScreenshot" classname="org.collective.testmethods.CollectiveSanityTestAdmin" time="0">
    <skipped/>
  </testcase>
  <testcase name="takeScreenshot" classname="org.collective.testmethods.CollectiveSanityTestAdmin" time="0">
    <skipped/>
  </testcase>
  <testcase name="takeScreenshot" classname="org.collective.testmethods.CollectiveSanityTestAdmin" time="0">
    <skipped/>
  </testcase>
  <testcase name="takeScreenshot" classname="org.collective.testmethods.CollectiveSanityTestAdmin" time="0">
    <skipped/>
  </testcase>
  <testcase name="takeScreenshot" classname="org.collective.testmethods.CollectiveSanityTestAdmin" time="0">
    <skipped/>
  </testcase>
  <testcase name="takeScreenshot" classname="org.collective.testmethods.CollectiveSanityTestAdmin" time="0">
    <skipped/>
  </testcase>
  <testcase name="takeScreenshot" classname="org.collective.testmethods.CollectiveSanityTestAdmin" time="0">
    <skipped/>
  </testcase>
  <testcase name="takeScreenshot" classname="org.collective.testmethods.CollectiveSanityTestAdmin" time="0">
    <skipped/>
  </testcase>
  <testcase name="takeScreenshot" classname="org.collective.testmethods.CollectiveSanityTestAdmin" time="0">
    <skipped/>
  </testcase>
  <testcase name="tc013_collective_admin_reports_OrderTotalsSheet" classname="org.collective.testmethods.CollectiveSanityTestAdmin" time="0">
    <skipped/>
  </testcase>
  <testcase name="tc014_evaluateAdminTabs_Returns" classname="org.collective.testmethods.CollectiveSanityTestAdmin" time="0">
    <skipped/>
  </testcase>
  <testcase name="tc015_evaluateAdminTabs_Carousel" classname="org.collective.testmethods.CollectiveSanityTestAdmin" time="0">
    <skipped/>
  </testcase>
  <testcase name="tc016_evaluateAdminTabs_Orders" classname="org.collective.testmethods.CollectiveSanityTestAdmin" time="0">
    <skipped/>
  </testcase>
  <testcase name="tc017_evaluateAdminTabs_Products" classname="org.collective.testmethods.CollectiveSanityTestAdmin" time="0">
    <skipped/>
  </testcase>
  <testcase name="tc018_evaluateAdminTabs_Settings" classname="org.collective.testmethods.CollectiveSanityTestAdmin" time="0">
    <skipped/>
  </testcase>
  <testcase name="tc019_evaluateAdminTabs_Promotions" classname="org.collective.testmethods.CollectiveSanityTestAdmin" time="0">
    <skipped/>
  </testcase>
  <testcase name="tc020_evaluateAdminTabs_Users" classname="org.collective.testmethods.CollectiveSanityTestAdmin" time="0">
    <skipped/>
  </testcase>
  <testcase name="tc021_evaluateAdminTabs_Blog" classname="org.collective.testmethods.CollectiveSanityTestAdmin" time="0">
    <skipped/>
  </testcase>
  <testcase name="tc022_evaluateAdminTabs_Store" classname="org.collective.testmethods.CollectiveSanityTestAdmin" time="0">
    <skipped/>
  </testcase>
  <testcase name="tc023_evaluateAdminTabs_FeatureCollection" classname="org.collective.testmethods.CollectiveSanityTestAdmin" time="0">
    <skipped/>
  </testcase>
  <testcase name="tearDownClass" classname="org.collective.testmethods.CollectiveSanityTestCustomer" time="0">
    <skipped/>
  </testcase>
</testsuite>