<?xml version="1.0" encoding="UTF-8"?>
<!-- Generated by org.testng.reporters.JUnitReportReporter -->
<testsuite hostname="swuni-QA-04" name="org.hgh.modules.HGHTestShoppingCartModule" tests="2" failures="0" timestamp="30 Mar 2016 06:02:45 GMT" time="76.099" errors="0">
  <testcase name="TS_ShoppingCart_002_TC_ShoppingCart_011_HGH_saveCart" time="52.457" classname="org.hgh.modules.HGHTestShoppingCartModule"/>
  <testcase name="TS_ShoppingCart_001_TC_ShoppingCart_002_TC_ShoppingCart_019_TC_ShoppingCart_020_TC_ShoppingCart_021_HGH_signedUserAddingItemToCart" time="23.642" classname="org.hgh.modules.HGHTestShoppingCartModule"/>
</testsuite> <!-- org.hgh.modules.HGHTestShoppingCartModule -->
