<?xml version="1.0" encoding="UTF-8"?>
<!-- Generated by org.testng.reporters.JUnitReportReporter -->
<testsuite hostname="swuni-QA-04" name="org.hgh.modules.HGHHomePageModule" tests="1" failures="0" timestamp="30 Mar 2016 07:04:41 GMT" time="7.223" errors="0">
  <testcase name="tc008_verifyHeaderAndFooter" time="7.223" classname="org.hgh.modules.HGHHomePageModule"/>
</testsuite> <!-- org.hgh.modules.HGHHomePageModule -->
