<?xml version="1.0" encoding="UTF-8"?>
<!-- Generated by org.testng.reporters.JUnitReportReporter -->
<testsuite hostname="swuni-QA-04" name="org.hgh.modules.HGHShoppingCartModule" tests="2" failures="0" timestamp="30 Mar 2016 07:04:41 GMT" time="91.827" errors="0">
  <testcase name="TS_ShoppingCart_001_TC_ShoppingCart_002_TC_ShoppingCart_019_TC_ShoppingCart_020_TC_ShoppingCart_021_HGH_signedUserAddingItemToCart" time="32.014" classname="org.hgh.modules.HGHShoppingCartModule"/>
  <testcase name="TS_ShoppingCart_002_TC_ShoppingCart_011_HGH_saveCart" time="59.813" classname="org.hgh.modules.HGHShoppingCartModule"/>
</testsuite> <!-- org.hgh.modules.HGHShoppingCartModule -->
