<?xml version="1.0" encoding="UTF-8"?>
<!-- Generated by org.testng.reporters.JUnitReportReporter -->
<testsuite hostname="swuni-QA-04" name="org.hgh.modules.HGHTestCartFileUploadModule" tests="1" failures="0" timestamp="30 Mar 2016 06:02:45 GMT" time="39.642" errors="0">
  <testcase name="tc013_HGH_cartFileUpload" time="39.642" classname="org.hgh.modules.HGHTestCartFileUploadModule"/>
</testsuite> <!-- org.hgh.modules.HGHTestCartFileUploadModule -->
