<?xml version="1.0" encoding="UTF-8"?>
<!-- Generated by org.testng.reporters.JUnitReportReporter -->
<testsuite hostname="USER-PC" name="org.framework.main.googleSearchTest" tests="2" failures="0" timestamp="4 Sep 2015 19:48:06 GMT" time="0.166" errors="0">
  <testcase name="searchAnotherText" time="0.029" classname="org.framework.main.googleSearchTest"/>
  <testcase name="searchText" time="0.137" classname="org.framework.main.googleSearchTest"/>
</testsuite> <!-- org.framework.main.googleSearchTest -->
