<?xml version="1.0" encoding="UTF-8"?>
<!-- Generated by org.testng.reporters.JUnitReportReporter -->
<testsuite hostname="swuni-QA-04" name="org.hgh.modules.HGHShoppingCartModule" tests="2" failures="0" timestamp="30 Mar 2016 06:17:46 GMT" time="100.196" errors="0">
  <testcase name="TS_ShoppingCart_002_TC_ShoppingCart_011_HGH_saveCart" time="68.507" classname="org.hgh.modules.HGHShoppingCartModule"/>
  <testcase name="TS_ShoppingCart_001_TC_ShoppingCart_002_TC_ShoppingCart_019_TC_ShoppingCart_020_TC_ShoppingCart_021_HGH_signedUserAddingItemToCart" time="31.689" classname="org.hgh.modules.HGHShoppingCartModule"/>
</testsuite> <!-- org.hgh.modules.HGHShoppingCartModule -->
