<?xml version="1.0" encoding="UTF-8"?>
<!-- Generated by org.testng.reporters.JUnitReportReporter -->
<testsuite hostname="codebrahma" name="org.collective.testmethods.CollectiveSanityTestCustomer" tests="11" failures="0" timestamp="21 Dec 2015 08:56:51 GMT" time="845.840" errors="0">
  <testcase name="tc008_collective_orderGreaterThan20000" time="109.056" classname="org.collective.testmethods.CollectiveSanityTestCustomer"/>
  <testcase name="tc003_collective_blog" time="90.960" classname="org.collective.testmethods.CollectiveSanityTestCustomer"/>
  <testcase name="tc004_collective_accessories" time="44.622" classname="org.collective.testmethods.CollectiveSanityTestCustomer"/>
  <testcase name="tc001_collective_signup" time="50.344" classname="org.collective.testmethods.CollectiveSanityTestCustomer"/>
  <testcase name="tc006_collective_accessories_pagination" time="162.977" classname="org.collective.testmethods.CollectiveSanityTestCustomer"/>
  <testcase name="tc009_collective_orderLessOrEqualThan20000" time="77.657" classname="org.collective.testmethods.CollectiveSanityTestCustomer"/>
  <testcase name="tc002_collective_login" time="45.458" classname="org.collective.testmethods.CollectiveSanityTestCustomer"/>
  <testcase name="tc011_collective_womenTab" time="64.461" classname="org.collective.testmethods.CollectiveSanityTestCustomer"/>
  <testcase name="tc005_collective_accessories_Filter_Brand" time="95.791" classname="org.collective.testmethods.CollectiveSanityTestCustomer"/>
  <testcase name="tc007_collective_sales" time="65.653" classname="org.collective.testmethods.CollectiveSanityTestCustomer"/>
  <testcase name="tc010_collective_orderPlacement" time="38.861" classname="org.collective.testmethods.CollectiveSanityTestCustomer"/>
</testsuite> <!-- org.collective.testmethods.CollectiveSanityTestCustomer -->
