<?xml version="1.0" encoding="UTF-8"?>
<!-- Generated by org.testng.reporters.JUnitReportReporter -->
<testsuite hostname="codebrahma" name="org.framework.testmethods.CollectiveSanityTest" tests="1" failures="0" timestamp="11 Dec 2015 06:26:41 GMT" time="44.367" errors="0">
  <testcase name="tc011_collective_womenTab" time="44.367" classname="org.framework.testmethods.CollectiveSanityTest"/>
</testsuite> <!-- org.framework.testmethods.CollectiveSanityTest -->
