<?xml version="1.0" encoding="UTF-8"?>
<!-- Generated by org.testng.reporters.JUnitReportReporter -->
<testsuite hostname="swuni-QA-04" name="org.hgh.modules.HGHQuickOrderPadModule" tests="1" failures="0" timestamp="30 Mar 2016 06:17:46 GMT" time="49.040" errors="0">
  <testcase name="tc014_HGH_quickOrderPad" time="49.040" classname="org.hgh.modules.HGHQuickOrderPadModule"/>
</testsuite> <!-- org.hgh.modules.HGHQuickOrderPadModule -->
