<?xml version="1.0" encoding="UTF-8"?>
<!-- Generated by org.testng.reporters.JUnitReportReporter -->
<testsuite hostname="swuni-QA-04" name="org.hgh.modules.HGHTestLoginModule" tests="1" failures="0" timestamp="30 Mar 2016 06:02:45 GMT" time="13.554" errors="0">
  <testcase name="TS_Login_001_TS_Login_006_TC_Login_001_TC_Login_002_TC_Login_024_TC_Login_025_TC_Login_026_TC_Login_027_HGH" time="13.554" classname="org.hgh.modules.HGHTestLoginModule"/>
</testsuite> <!-- org.hgh.modules.HGHTestLoginModule -->
