<?xml version="1.0" encoding="UTF-8"?>
<!-- Generated by org.testng.reporters.JUnitReportReporter -->
<testsuite hostname="swuni-QA-04" name="org.hgh.modules.HGHProductDetailsModule" tests="1" failures="0" timestamp="30 Mar 2016 07:04:41 GMT" time="11.102" errors="0">
  <testcase name="tc004_HGH_generalSearch" time="11.102" classname="org.hgh.modules.HGHProductDetailsModule"/>
</testsuite> <!-- org.hgh.modules.HGHProductDetailsModule -->
