<?xml version="1.0" encoding="UTF-8"?>
<!-- Generated by org.testng.reporters.JUnitReportReporter -->
<testsuite hostname="swuni-QA-04" name="org.hgh.testmethods.HGHTestCustomer" tests="1" failures="0" timestamp="22 Mar 2016 06:43:59 GMT" time="18.651" errors="0">
  <testcase name="tc002_HGH_login" time="18.651" classname="org.hgh.testmethods.HGHTestCustomer"/>
</testsuite> <!-- org.hgh.testmethods.HGHTestCustomer -->
