<?xml version="1.0" encoding="UTF-8"?>
<!-- Generated by org.testng.reporters.JUnitReportReporter -->
<testsuite hostname="codebrahma" name="org.framework.testmethods.googleSearchTest" tests="1" failures="0" timestamp="14 Oct 2015 12:53:27 GMT" time="6.784" errors="0">
  <testcase name="searchAnotherText" time="6.784" classname="org.framework.testmethods.googleSearchTest"/>
</testsuite> <!-- org.framework.testmethods.googleSearchTest -->
