<?xml version="1.0" encoding="UTF-8"?>
<!-- Generated by org.testng.reporters.JUnitReportReporter -->
<testsuite hostname="swuni-QA-04" name="org.etna.modules.ProductListModule" tests="1" failures="0" timestamp="15 Apr 2016 11:15:20 GMT" time="16.094" errors="0">
  <testcase name="tc006_verifyProductListPage" time="16.094" classname="org.etna.modules.ProductListModule"/>
</testsuite> <!-- org.etna.modules.ProductListModule -->
