<?xml version="1.0" encoding="UTF-8"?>
<!-- Generated by org.testng.reporters.JUnitReportReporter -->
<testsuite hostname="swuni-QA-04" name="org.hgh.modules.HGHMyProductGroupModule" tests="1" failures="0" timestamp="30 Mar 2016 06:17:46 GMT" time="66.224" errors="0">
  <testcase name="tc007_HGH_MyProductGroupCreateAndDelete" time="66.224" classname="org.hgh.modules.HGHMyProductGroupModule"/>
</testsuite> <!-- org.hgh.modules.HGHMyProductGroupModule -->
