<?xml version="1.0" encoding="UTF-8"?>
<!-- Generated by org.testng.reporters.JUnitReportReporter -->
<testsuite hostname="codebrahma" name="org.collective.testmethods.CollectiveSanityTestURL" tests="44" failures="0" timestamp="21 Dec 2015 10:13:00 GMT" time="23.274" errors="0">
  <testcase name="tc005_TestGetRequest_Men_Clothing_Dress_Shirts" time="0.409" classname="org.collective.testmethods.CollectiveSanityTestURL"/>
  <testcase name="tc002_TestGetRequest_Men_Clothing_5_Pkt_Denim_Jeans" time="0.571" classname="org.collective.testmethods.CollectiveSanityTestURL"/>
  <testcase name="tc011_TestGetRequest_Men_Clothing_Swimshorts" time="0.504" classname="org.collective.testmethods.CollectiveSanityTestURL"/>
  <testcase name="tc022_TestGetRequest_Men_Clothing_Sweatshirt" time="0.371" classname="org.collective.testmethods.CollectiveSanityTestURL"/>
  <testcase name="tc035_TestGetRequest_Women_Clothing_CasualTrouser" time="0.375" classname="org.collective.testmethods.CollectiveSanityTestURL"/>
  <testcase name="tc024_TestGetRequest_Men_Clothing_Ties" time="0.247" classname="org.collective.testmethods.CollectiveSanityTestURL"/>
  <testcase name="tc023_TestGetRequest_Men_Clothing_Sweater" time="0.313" classname="org.collective.testmethods.CollectiveSanityTestURL"/>
  <testcase name="tc027_TestGetRequest_Women_Clothing_Casual_Jacket" time="0.218" classname="org.collective.testmethods.CollectiveSanityTestURL"/>
  <testcase name="tc029_TestGetRequest_Women_Clothing_Formal_Trousers" time="0.229" classname="org.collective.testmethods.CollectiveSanityTestURL"/>
  <testcase name="tc031_TestGetRequest_Women_Clothing_Skirt" time="0.222" classname="org.collective.testmethods.CollectiveSanityTestURL"/>
  <testcase name="tc034_TestGetRequest_Women_Clothing_Tshirt" time="0.280" classname="org.collective.testmethods.CollectiveSanityTestURL"/>
  <testcase name="tc003_TestGetRequest_Men_Clothing_Casual_Jacket" time="0.405" classname="org.collective.testmethods.CollectiveSanityTestURL"/>
  <testcase name="tc013_TestGetRequest_Men_Clothing_Trackpant" time="0.356" classname="org.collective.testmethods.CollectiveSanityTestURL"/>
  <testcase name="tc030_TestGetRequest_Women_Clothing_CasualOuterWear" time="0.301" classname="org.collective.testmethods.CollectiveSanityTestURL"/>
  <testcase name="tc037_TestGetRequest_Women_Clothing_Knitwear" time="0.339" classname="org.collective.testmethods.CollectiveSanityTestURL"/>
  <testcase name="tc039_TestGetRequest_Women_Clothing_Scarves" time="0.399" classname="org.collective.testmethods.CollectiveSanityTestURL"/>
  <testcase name="tc028_TestGetRequest_Women_Clothing_Dresses" time="0.417" classname="org.collective.testmethods.CollectiveSanityTestURL"/>
  <testcase name="tc032_TestGetRequest_Women_Clothing_Jump_Suit" time="0.303" classname="org.collective.testmethods.CollectiveSanityTestURL"/>
  <testcase name="tc036_TestGetRequest_Women_Clothing_FormalJacket" time="0.183" classname="org.collective.testmethods.CollectiveSanityTestURL"/>
  <testcase name="tc021_TestGetRequest_Men_Clothing_Shorts" time="2.125" classname="org.collective.testmethods.CollectiveSanityTestURL"/>
  <testcase name="testGetRequest_Men_Clothing_Waistcoat" time="0.345" classname="org.collective.testmethods.CollectiveSanityTestURL"/>
  <testcase name="tc007_TestGetRequest_Men_Clothing_Pocket_Squares" time="1.618" classname="org.collective.testmethods.CollectiveSanityTestURL"/>
  <testcase name="testGetRequest_Women_Clothing_Casual_Shirt" time="0.478" classname="org.collective.testmethods.CollectiveSanityTestURL"/>
  <testcase name="tc012_TestGetRequest_Men_Clothing_Tshirt" time="0.756" classname="org.collective.testmethods.CollectiveSanityTestURL"/>
  <testcase name="tc033_TestGetRequest_Women_Clothing_Tops" time="0.339" classname="org.collective.testmethods.CollectiveSanityTestURL"/>
  <testcase name="tc008_TestGetRequest_Men_Clothing_Rugby" time="0.608" classname="org.collective.testmethods.CollectiveSanityTestURL"/>
  <testcase name="tc018_TestGetRequest_Men_Clothing_Knitwear" time="0.425" classname="org.collective.testmethods.CollectiveSanityTestURL"/>
  <testcase name="tc014_TestGetRequest_Men_Clothing_CasualBlazer" time="0.414" classname="org.collective.testmethods.CollectiveSanityTestURL"/>
  <testcase name="tc041_TestGetRequest_Women_Clothing_Sweatshirt" time="0.220" classname="org.collective.testmethods.CollectiveSanityTestURL"/>
  <testcase name="tc009_TestGetRequest_Men_Clothing_Semi_Formal_Jacket" time="0.276" classname="org.collective.testmethods.CollectiveSanityTestURL"/>
  <testcase name="tc001_TestGetRequest_Men_Clothing_5_Pkt_Non_Denim_Jean" time="3.078" classname="org.collective.testmethods.CollectiveSanityTestURL"/>
  <testcase name="tc004_TestGetRequest_Men_Clothing_Casual_Shirt" time="0.591" classname="org.collective.testmethods.CollectiveSanityTestURL"/>
  <testcase name="tc010_TestGetRequest_Men_Clothing_Suits" time="0.305" classname="org.collective.testmethods.CollectiveSanityTestURL"/>
  <testcase name="tc038_TestGetRequest_Women_Clothing_Polo" time="0.264" classname="org.collective.testmethods.CollectiveSanityTestURL"/>
  <testcase name="tc020_TestGetRequest_Men_Clothing_Scarves" time="1.083" classname="org.collective.testmethods.CollectiveSanityTestURL"/>
  <testcase name="tc015_TestGetRequest_Men_Clothing_CasualOutwear" time="0.831" classname="org.collective.testmethods.CollectiveSanityTestURL"/>
  <testcase name="tc019_TestGetRequest_Men_Clothing_Polo" time="0.675" classname="org.collective.testmethods.CollectiveSanityTestURL"/>
  <testcase name="tc025_TestGetRequest_Women_Clothing_5_Pkt_Non_Denim_Jean" time="0.230" classname="org.collective.testmethods.CollectiveSanityTestURL"/>
  <testcase name="tc016_TestGetRequest_Men_Clothing_CasualTrouser" time="0.452" classname="org.collective.testmethods.CollectiveSanityTestURL"/>
  <testcase name="tc017_TestGetRequest_Men_Clothing_FormalJacket" time="0.452" classname="org.collective.testmethods.CollectiveSanityTestURL"/>
  <testcase name="tc006_TestGetRequest_Men_Clothing_Formal_Trousers" time="0.366" classname="org.collective.testmethods.CollectiveSanityTestURL"/>
  <testcase name="tc025_TestGetRequest_Men_Clothing_Tracktop" time="0.199" classname="org.collective.testmethods.CollectiveSanityTestURL"/>
  <testcase name="tc026_TestGetRequest_Women_Clothing_5_Pkt_Denim_Jeans" time="0.484" classname="org.collective.testmethods.CollectiveSanityTestURL"/>
  <testcase name="tc040_TestGetRequest_Women_Clothing_Shorts" time="0.218" classname="org.collective.testmethods.CollectiveSanityTestURL"/>
</testsuite> <!-- org.collective.testmethods.CollectiveSanityTestURL -->
