<?xml version="1.0" encoding="UTF-8"?>
<!-- Generated by org.testng.reporters.JUnitReportReporter -->
<testsuite hostname="swuni-QA-04" name="org.hgh.modules.HGHProductListModule" tests="2" failures="0" timestamp="30 Mar 2016 06:17:46 GMT" time="74.943" errors="0">
  <testcase name="tc006_HGH_ProductListPage" time="36.736" classname="org.hgh.modules.HGHProductListModule"/>
  <testcase name="tc005_HGH_ListViewGridView" time="38.207" classname="org.hgh.modules.HGHProductListModule"/>
</testsuite> <!-- org.hgh.modules.HGHProductListModule -->
