<?xml version="1.0" encoding="UTF-8"?>
<!-- Generated by org.testng.reporters.JUnitReportReporter -->
<testsuite hostname="codebrahma" name="org.collective.testmethods.CollectiveSanityTestAdmin" tests="14" failures="1" timestamp="9 Feb 2016 09:31:08 GMT" time="388.811" errors="0">
  <testcase name="tc017_evaluateAdminTabs_Products" time="19.623" classname="org.collective.testmethods.CollectiveSanityTestAdmin"/>
  <testcase name="tc015_evaluateAdminTabs_Carousel" time="22.539" classname="org.collective.testmethods.CollectiveSanityTestAdmin"/>
  <testcase name="tc022_evaluateAdminTabs_Store" time="35.422" classname="org.collective.testmethods.CollectiveSanityTestAdmin"/>
  <testcase name="tc023_evaluateAdminTabs_AnalyticScript" time="36.806" classname="org.collective.testmethods.CollectiveSanityTestAdmin"/>
  <testcase name="tc013_collective_admin_reports_OrderTotalsSheet" time="21.426" classname="org.collective.testmethods.CollectiveSanityTestAdmin"/>
  <testcase name="tc019_evaluateAdminTabs_Promotions" time="15.618" classname="org.collective.testmethods.CollectiveSanityTestAdmin"/>
  <testcase name="tc014_evaluateAdminTabs_Returns" time="31.106" classname="org.collective.testmethods.CollectiveSanityTestAdmin"/>
  <testcase name="tc012_collective_adminLogin" time="12.957" classname="org.collective.testmethods.CollectiveSanityTestAdmin"/>
  <testcase name="tc024_Reports_UserList" time="49.519" classname="org.collective.testmethods.CollectiveSanityTestAdmin">
    <failure type="java.lang.AssertionError" message="expected [true] but found [false]">
      <![CDATA[java.lang.AssertionError: expected [true] but found [false]
	at org.testng.Assert.fail(Assert.java:94)
	at org.testng.Assert.failNotEquals(Assert.java:496)
	at org.testng.Assert.assertTrue(Assert.java:42)
	at org.testng.Assert.assertTrue(Assert.java:52)
	at org.collective.customer.pageobjects.CollectiveLoginPageObjects.verifyAdminLoginMsg(CollectiveLoginPageObjects.java:56)
	at org.collective.testmethods.CollectiveSanityTestAdmin.tc024_Reports_UserList(CollectiveSanityTestAdmin.java:222)
	at sun.reflect.NativeMethodAccessorImpl.invoke0(Native Method)
	at sun.reflect.NativeMethodAccessorImpl.invoke(NativeMethodAccessorImpl.java:62)
	at sun.reflect.DelegatingMethodAccessorImpl.invoke(DelegatingMethodAccessorImpl.java:43)
	at java.lang.reflect.Method.invoke(Method.java:497)
	at org.testng.internal.MethodInvocationHelper.invokeMethod(MethodInvocationHelper.java:85)
	at org.testng.internal.Invoker.invokeMethod(Invoker.java:648)
	at org.testng.internal.Invoker.invokeTestMethod(Invoker.java:834)
	at org.testng.internal.Invoker.invokeTestMethods(Invoker.java:1142)
	at org.testng.internal.TestMethodWorker.invokeTestMethods(TestMethodWorker.java:124)
	at org.testng.internal.TestMethodWorker.run(TestMethodWorker.java:108)
	at org.testng.TestRunner.privateRun(TestRunner.java:771)
	at org.testng.TestRunner.run(TestRunner.java:621)
	at org.testng.SuiteRunner.runTest(SuiteRunner.java:357)
	at org.testng.SuiteRunner.runSequentially(SuiteRunner.java:352)
	at org.testng.SuiteRunner.privateRun(SuiteRunner.java:310)
	at org.testng.SuiteRunner.run(SuiteRunner.java:259)
	at org.testng.SuiteRunnerWorker.runSuite(SuiteRunnerWorker.java:52)
	at org.testng.SuiteRunnerWorker.run(SuiteRunnerWorker.java:86)
	at org.testng.TestNG.runSuitesSequentially(TestNG.java:1176)
	at org.testng.TestNG.runSuitesLocally(TestNG.java:1101)
	at org.testng.TestNG.run(TestNG.java:1009)
	at org.testng.remote.RemoteTestNG.run(RemoteTestNG.java:111)
	at org.testng.remote.RemoteTestNG.initAndRun(RemoteTestNG.java:204)
	at org.testng.remote.RemoteTestNG.main(RemoteTestNG.java:175)
]]>
    </failure>
  </testcase> <!-- tc024_Reports_UserList -->
  <testcase name="tc020_evaluateAdminTabs_Users" time="18.320" classname="org.collective.testmethods.CollectiveSanityTestAdmin"/>
  <testcase name="tc021_evaluateAdminTabs_Blog" time="19.863" classname="org.collective.testmethods.CollectiveSanityTestAdmin"/>
  <testcase name="tc016_evaluateAdminTabs_Orders" time="19.097" classname="org.collective.testmethods.CollectiveSanityTestAdmin"/>
  <testcase name="tc025_Reports_returnList" time="66.177" classname="org.collective.testmethods.CollectiveSanityTestAdmin"/>
  <testcase name="tc018_evaluateAdminTabs_Settings" time="20.338" classname="org.collective.testmethods.CollectiveSanityTestAdmin"/>
</testsuite> <!-- org.collective.testmethods.CollectiveSanityTestAdmin -->
