<?xml version="1.0" encoding="UTF-8"?>
<!-- Generated by org.testng.reporters.JUnitReportReporter -->
<testsuite hostname="swuni-QA-04" name="org.hgh.modules.HGHProductsCompareModule" tests="1" failures="0" timestamp="30 Mar 2016 06:17:46 GMT" time="39.663" errors="0">
  <testcase name="tc009_compareFunctionality" time="39.663" classname="org.hgh.modules.HGHProductsCompareModule"/>
</testsuite> <!-- org.hgh.modules.HGHProductsCompareModule -->
