<?xml version="1.0" encoding="UTF-8"?>
<!-- Generated by org.testng.reporters.JUnitReportReporter -->
<testsuite hostname="BlaBlaBla" name="org.collective.testmethods.CollectiveSanityTestAdmin" tests="14" failures="0" timestamp="17 Feb 2016 03:45:13 GMT" time="135.258" errors="0">
  <testcase name="tc015_evaluateAdminTabs_Carousel" time="7.715" classname="org.collective.testmethods.CollectiveSanityTestAdmin"/>
  <testcase name="tc019_evaluateAdminTabs_Promotions" time="7.676" classname="org.collective.testmethods.CollectiveSanityTestAdmin"/>
  <testcase name="tc020_evaluateAdminTabs_Users" time="8.246" classname="org.collective.testmethods.CollectiveSanityTestAdmin"/>
  <testcase name="tc021_evaluateAdminTabs_Blog" time="7.991" classname="org.collective.testmethods.CollectiveSanityTestAdmin"/>
  <testcase name="tc013_collective_admin_reports_OrderTotalsSheet" time="13.484" classname="org.collective.testmethods.CollectiveSanityTestAdmin"/>
  <testcase name="tc018_evaluateAdminTabs_Settings" time="7.928" classname="org.collective.testmethods.CollectiveSanityTestAdmin"/>
  <testcase name="tc012_collective_adminLogin" time="6.774" classname="org.collective.testmethods.CollectiveSanityTestAdmin"/>
  <testcase name="tc024_Reports_UserList" time="12.021" classname="org.collective.testmethods.CollectiveSanityTestAdmin"/>
  <testcase name="tc016_evaluateAdminTabs_Orders" time="8.583" classname="org.collective.testmethods.CollectiveSanityTestAdmin"/>
  <testcase name="tc025_Reports_returnList" time="17.803" classname="org.collective.testmethods.CollectiveSanityTestAdmin"/>
  <testcase name="tc017_evaluateAdminTabs_Products" time="8.716" classname="org.collective.testmethods.CollectiveSanityTestAdmin"/>
  <testcase name="tc014_evaluateAdminTabs_Returns" time="13.381" classname="org.collective.testmethods.CollectiveSanityTestAdmin"/>
  <testcase name="tc022_evaluateAdminTabs_Store" time="7.188" classname="org.collective.testmethods.CollectiveSanityTestAdmin"/>
  <testcase name="tc023_evaluateAdminTabs_AnalyticScript" time="7.752" classname="org.collective.testmethods.CollectiveSanityTestAdmin"/>
</testsuite> <!-- org.collective.testmethods.CollectiveSanityTestAdmin -->
