<?xml version="1.0" encoding="UTF-8"?>
<!-- Generated by org.testng.reporters.JUnitReportReporter -->
<testsuite hostname="BlaBlaBla" name="org.collective.testmethods.CollectiveSmokeTestCustomer" tests="2" failures="0" timestamp="26 Feb 2016 15:09:58 GMT" time="14.599" errors="0">
  <testcase name="tc001_collective_login" time="8.716" classname="org.collective.testmethods.CollectiveSmokeTestCustomer"/>
  <testcase name="tc001_collective_login" time="5.883" classname="org.collective.testmethods.CollectiveSmokeTestCustomer"/>
</testsuite> <!-- org.collective.testmethods.CollectiveSmokeTestCustomer -->
