<?xml version="1.0" encoding="UTF-8"?>
<!-- Generated by org.testng.reporters.JUnitReportReporter -->
<testsuite hostname="codebrahma" name="org.collective.testmethods.CollectiveSanityTestAdmin" tests="1" failures="0" timestamp="21 Dec 2015 09:02:09 GMT" time="33.954" errors="0">
  <testcase name="tc014_evaluateAdminTabs_Returns" time="33.954" classname="org.collective.testmethods.CollectiveSanityTestAdmin"/>
</testsuite> <!-- org.collective.testmethods.CollectiveSanityTestAdmin -->
