<?xml version="1.0" encoding="UTF-8"?>
<!-- Generated by org.testng.reporters.JUnitReportReporter -->
<testsuite hostname="swuni-QA-04" name="org.hgh.testmethods.HGHTestCustomer" tests="13" failures="0" timestamp="29 Mar 2016 15:20:06 GMT" time="478.375" errors="0">
  <testcase name="tc011_HGH_AccountsDashboard" time="45.636" classname="org.hgh.testmethods.HGHTestCustomer"/>
  <testcase name="tc013_HGH_cartFileUpload" time="94.246" classname="org.hgh.testmethods.HGHTestCustomer"/>
  <testcase name="tc007_HGH_MyProductGroupCreateAndDelete" time="39.037" classname="org.hgh.testmethods.HGHTestCustomer"/>
  <testcase name="tc009_compareFunctionality" time="9.903" classname="org.hgh.testmethods.HGHTestCustomer"/>
  <testcase name="tc008_verifyHeaderAndFooter" time="32.770" classname="org.hgh.testmethods.HGHTestCustomer"/>
  <testcase name="tc014_HGH_quickOrderPad" time="15.463" classname="org.hgh.testmethods.HGHTestCustomer"/>
  <testcase name="tc004_HGH_generalSearch" time="8.881" classname="org.hgh.testmethods.HGHTestCustomer"/>
  <testcase name="tc005_HGH_ListViewGridView" time="35.381" classname="org.hgh.testmethods.HGHTestCustomer"/>
  <testcase name="TS_ShoppingCart_002_TC_ShoppingCart_011_HGH_saveCart" time="85.567" classname="org.hgh.testmethods.HGHTestCustomer"/>
  <testcase name="TS_Login_001_TS_Login_006_TC_Login_001_TC_Login_002_TC_Login_024_TC_Login_025_TC_Login_026_TC_Login_027_HGH" time="19.047" classname="org.hgh.testmethods.HGHTestCustomer"/>
  <testcase name="tc015_HGH_requestForQuote" time="48.302" classname="org.hgh.testmethods.HGHTestCustomer"/>
  <testcase name="TS_ShoppingCart_001_TC_ShoppingCart_002_TC_ShoppingCart_019_TC_ShoppingCart_020_TC_ShoppingCart_021_HGH_signedUserAddingItemToCart" time="35.391" classname="org.hgh.testmethods.HGHTestCustomer"/>
  <testcase name="tc006_HGH_ProductListPage" time="8.751" classname="org.hgh.testmethods.HGHTestCustomer"/>
</testsuite> <!-- org.hgh.testmethods.HGHTestCustomer -->
