<?xml version="1.0" encoding="UTF-8"?>
<!-- Generated by org.testng.reporters.JUnitReportReporter -->
<testsuite hostname="codebrahma" name="org.collective.testmethods.CollectiveSanityTestURL" tests="1" failures="0" timestamp="9 Feb 2016 09:31:08 GMT" time="187.410" errors="0">
  <testcase name="tc023_PageURLsStaging" time="187.410" classname="org.collective.testmethods.CollectiveSanityTestURL"/>
</testsuite> <!-- org.collective.testmethods.CollectiveSanityTestURL -->
