<?xml version="1.0" encoding="UTF-8"?>
<!-- Generated by org.testng.reporters.JUnitReportReporter -->
<testsuite hostname="swuni-QA-04" name="org.hgh.modules.HGHRequestForQuoteModule" tests="1" failures="0" timestamp="30 Mar 2016 06:17:46 GMT" time="19.450" errors="0">
  <testcase name="tc015_HGH_requestForQuote" time="19.450" classname="org.hgh.modules.HGHRequestForQuoteModule"/>
</testsuite> <!-- org.hgh.modules.HGHRequestForQuoteModule -->
