<?xml version="1.0" encoding="UTF-8"?>
<!-- Generated by org.testng.reporters.JUnitReportReporter -->
<testsuite hostname="swuni-QA-04" name="org.hgh.modules.HGHCartFileUploadModule" tests="1" failures="0" timestamp="30 Mar 2016 06:17:46 GMT" time="100.382" errors="0">
  <testcase name="tc013_HGH_cartFileUpload" time="100.382" classname="org.hgh.modules.HGHCartFileUploadModule"/>
</testsuite> <!-- org.hgh.modules.HGHCartFileUploadModule -->
