<?xml version="1.0" encoding="UTF-8"?>
<!-- Generated by org.testng.reporters.JUnitReportReporter -->
<testsuite hostname="BlaBlaBla" name="org.collective.testmethods.CollectiveSanityTestURL" tests="1" failures="0" timestamp="15 Feb 2016 09:37:07 GMT" time="176.663" errors="0">
  <testcase name="tc026_PageURLsStaging" time="176.663" classname="org.collective.testmethods.CollectiveSanityTestURL"/>
</testsuite> <!-- org.collective.testmethods.CollectiveSanityTestURL -->
