<?xml version="1.0" encoding="UTF-8"?>
<!-- Generated by org.testng.reporters.JUnitReportReporter -->
<testsuite hostname="BlaBlaBla" name="org.collective.testmethods.CollectiveSanityTestCustomer" tests="1" failures="0" timestamp="24 Feb 2016 06:30:50 GMT" time="16.529" errors="0">
  <testcase name="tc006_collective_infiniteScroll" time="16.529" classname="org.collective.testmethods.CollectiveSanityTestCustomer"/>
</testsuite> <!-- org.collective.testmethods.CollectiveSanityTestCustomer -->
