<?xml version="1.0" encoding="UTF-8"?>
<!-- Generated by org.testng.reporters.JUnitReportReporter -->
<testsuite hostname="codebrahma" name="org.collective.testmethods.CollectiveSanityTestAdmin" tests="11" failures="0" timestamp="23 Dec 2015 07:25:54 GMT" time="99.638" errors="0">
  <testcase name="tc017_evaluateAdminTabs_Products" time="8.758" classname="org.collective.testmethods.CollectiveSanityTestAdmin"/>
  <testcase name="tc013_collective_admin_reports_OrderTotalsSheet" time="20.154" classname="org.collective.testmethods.CollectiveSanityTestAdmin"/>
  <testcase name="tc020_evaluateAdminTabs_Users" time="8.693" classname="org.collective.testmethods.CollectiveSanityTestAdmin"/>
  <testcase name="tc022_evaluateAdminTabs_Store" time="10.875" classname="org.collective.testmethods.CollectiveSanityTestAdmin"/>
  <testcase name="tc012_collective_adminLogin" time="6.616" classname="org.collective.testmethods.CollectiveSanityTestAdmin"/>
  <testcase name="tc019_evaluateAdminTabs_Promotions" time="6.557" classname="org.collective.testmethods.CollectiveSanityTestAdmin"/>
  <testcase name="tc016_evaluateAdminTabs_Orders" time="7.066" classname="org.collective.testmethods.CollectiveSanityTestAdmin"/>
  <testcase name="tc021_evaluateAdminTabs_Blog" time="6.944" classname="org.collective.testmethods.CollectiveSanityTestAdmin"/>
  <testcase name="tc015_evaluateAdminTabs_Carousel" time="8.272" classname="org.collective.testmethods.CollectiveSanityTestAdmin"/>
  <testcase name="tc018_evaluateAdminTabs_Settings" time="7.221" classname="org.collective.testmethods.CollectiveSanityTestAdmin"/>
  <testcase name="tc014_evaluateAdminTabs_Returns" time="8.482" classname="org.collective.testmethods.CollectiveSanityTestAdmin"/>
</testsuite> <!-- org.collective.testmethods.CollectiveSanityTestAdmin -->
