<?xml version="1.0" encoding="UTF-8"?>
<!-- Generated by org.testng.reporters.JUnitReportReporter -->
<testsuite hostname="swuni-QA-04" name="org.hgh.modules.HGHAccountDashboardModule" tests="1" failures="0" timestamp="30 Mar 2016 06:17:46 GMT" time="19.700" errors="0">
  <testcase name="tc011_HGH_AccountsDashboard" time="19.700" classname="org.hgh.modules.HGHAccountDashboardModule"/>
</testsuite> <!-- org.hgh.modules.HGHAccountDashboardModule -->
