<?xml version="1.0" encoding="UTF-8"?>
<!-- Generated by org.testng.reporters.JUnitReportReporter -->
<testsuite hostname="swuni-QA-04" name="org.hgh.modules.HGHCartFileUploadModule" tests="1" failures="0" timestamp="30 Mar 2016 07:04:41 GMT" time="72.016" errors="0">
  <testcase name="tc013_HGH_cartFileUpload" time="72.016" classname="org.hgh.modules.HGHCartFileUploadModule"/>
</testsuite> <!-- org.hgh.modules.HGHCartFileUploadModule -->
