<?xml version="1.0" encoding="UTF-8"?>
<!-- Generated by org.testng.reporters.JUnitReportReporter -->
<testsuite hostname="swuni-QA-04" name="org.hgh.modules.HGHRequestForQuoteModule" tests="1" failures="0" timestamp="30 Mar 2016 07:04:41 GMT" time="21.019" errors="0">
  <testcase name="tc015_HGH_requestForQuote" time="21.019" classname="org.hgh.modules.HGHRequestForQuoteModule"/>
</testsuite> <!-- org.hgh.modules.HGHRequestForQuoteModule -->
