<?xml version="1.0" encoding="UTF-8"?>
<!-- Generated by org.testng.reporters.JUnitReportReporter -->
<testsuite hostname="codebrahma" name="org.collective.testmethods.CollectiveSanityTestCustomer" tests="1" failures="0" timestamp="24 Dec 2015 05:16:26 GMT" time="2.581" errors="0">
  <testcase name="tc005_collective_accessories_Filter_Brand" time="2.581" classname="org.collective.testmethods.CollectiveSanityTestCustomer"/>
</testsuite> <!-- org.collective.testmethods.CollectiveSanityTestCustomer -->
